Symbol range map extraction starting
Processing 53 files
processing me\friwi\arterion\client\ArterionClientMod.java
processing me\friwi\arterion\client\ArterionModConfig.java
processing me\friwi\arterion\client\ClassEnum.java
processing me\friwi\arterion\client\LabyAddon.java
processing me\friwi\arterion\client\data\FriendlyPlayerEntry.java
processing me\friwi\arterion\client\data\FriendlyPlayerList.java
processing me\friwi\arterion\client\data\KillFeedEntry.java
processing me\friwi\arterion\client\data\KillFeedList.java
processing me\friwi\arterion\client\data\ModValueEnum.java
processing me\friwi\arterion\client\data\Objective.java
processing me\friwi\arterion\client\data\SkillDataEntry.java
processing me\friwi\arterion\client\data\SkillDataList.java
processing me\friwi\arterion\client\gui\ChatModifier.java
processing me\friwi\arterion\client\gui\ChestMenuGui.java
processing me\friwi\arterion\client\gui\ChestMenuModifier.java
processing me\friwi\arterion\client\gui\EscapeMenuModifier.java
processing me\friwi\arterion\client\gui\OverlayGui.java
processing me\friwi\arterion\client\gui\RenderIngameGuiHandler.java
processing me\friwi\arterion\client\gui\TextGui.java
processing me\friwi\arterion\client\gui\util\CachedHead.java
processing me\friwi\arterion\client\gui\util\ChatColor.java
processing me\friwi\arterion\client\gui\util\HeadCacheUtil.java
processing me\friwi\arterion\client\gui\util\Mouse.java
processing me\friwi\arterion\client\gui\util\ParagraphUtil.java
processing me\friwi\arterion\client\gui\util\TimeFormatUtil.java
processing me\friwi\arterion\client\gui\util\TooltipPainter.java
processing me\friwi\arterion\client\keybinds\CommandKeybind.java
processing me\friwi\arterion\client\keybinds\Keybind.java
processing me\friwi\arterion\client\keybinds\KeybindManager.java
processing me\friwi\arterion\client\keybinds\KeybindsGui.java
processing me\friwi\arterion\client\keybinds\NewCommandKeybindGui.java
processing me\friwi\arterion\client\labymod\EnumLabyGuiScale.java
processing me\friwi\arterion\client\labymod\LabyKeybinds.java
processing me\friwi\arterion\client\labymod\LabymodIngameGuiHandler.java
processing me\friwi\arterion\client\labymod\LabymodPluginMessageListener.java
processing me\friwi\arterion\client\network\ModPacket.java
processing me\friwi\arterion\client\network\client\ConnectionHandler.java
processing me\friwi\arterion\client\network\client\GenericMessage.java
processing me\friwi\arterion\client\network\client\IgnoredMessage.java
processing me\friwi\arterion\client\network\client\ModConnection.java
processing me\friwi\arterion\client\network\client\ModPacketList.java
processing me\friwi\arterion\client\network\client\PacketListener.java
processing me\friwi\arterion\client\network\client\PacketListenerClient.java
processing me\friwi\arterion\client\network\client\PacketReceiver.java
processing me\friwi\arterion\client\network\packet\Packet01ModVersion.java
processing me\friwi\arterion\client\network\packet\Packet02IntValue.java
processing me\friwi\arterion\client\network\packet\Packet03StringValue.java
processing me\friwi\arterion\client\network\packet\Packet04FriendlyCreateOrUpdate.java
processing me\friwi\arterion\client\network\packet\Packet05FriendlyRemove.java
processing me\friwi\arterion\client\network\packet\Packet06Objective.java
processing me\friwi\arterion\client\network\packet\Packet07SkillSlotData.java
processing me\friwi\arterion\client\network\packet\Packet08TextGui.java
processing me\friwi\arterion\client\network\packet\Packet09Killfeed.java
