#
# A fatal error has been detected by the Java Runtime Environment:
#
#  EXCEPTION_ACCESS_VIOLATION (0xc0000005) at pc=0x000000002d631066, pid=34176, tid=0x00000000000139c8
#
# JRE version: Java(TM) SE Runtime Environment (8.0_131-b11) (build 1.8.0_131-b11)
# Java VM: Java HotSpot(TM) 64-Bit Server VM (25.131-b11 mixed mode windows-amd64 compressed oops)
# Problematic frame:
# C  [OpenAL64.dll+0x11066]
#
# Failed to write core dump. Minidumps are not enabled by default on client versions of Windows
#
# If you would like to submit a bug report, please visit:
#   http://bugreport.java.com/bugreport/crash.jsp
# The crash happened outside the Java Virtual Machine in native code.
# See problematic frame for where to report the bug.
#

---------------  T H R E A D  ---------------

Current thread (0x000000001b612800):  JavaThread "Thread-9" [_thread_in_native, id=80328, stack(0x0000000039210000,0x0000000039310000)]

siginfo: ExceptionCode=0xc0000005, reading address 0x000000001e062004

Registers:
RAX=0x0000000000000004, RBX=0x00000000390e0090, RCX=0x000000001e062008, RDX=0x000000001e062004
RSP=0x000000003930f010, RBP=0x00000000000000ff, RSI=0x000000001e056d3c, RDI=0x0000000000000000
R8 =0x0000000000002cb2, R9 =0x000000001e056d3c, R10=0x0000000002987f48, R11=0x000000006b99bd80
R12=0x0000000000000001, R13=0x000000002d4ba448, R14=0x000000003930f1a8, R15=0x000000001b612800
RIP=0x000000002d631066, EFLAGS=0x0000000000010202

Top of Stack: (sp=0x000000003930f010)
0x000000003930f010:   0000000000000000 000000006b83d78b
0x000000003930f020:   000000001b612800 000000001b612800
0x000000003930f030:   000000002d4ba448 0000000000000000
0x000000003930f040:   000000001b612800 000000001e054a40
0x000000003930f050:   000000002d4ba448 000000003930f1a8
0x000000003930f060:   000000001a7dfdd0 000000006b82b756
0x000000003930f070:   000000003930f818 000000001ade6c10
0x000000003930f080:   000000001b612800 000000003930f1a8
0x000000003930f090:   000000002d4ba448 0000000000000000
0x000000003930f0a0:   000000001e056d3c 0000000080e01f90
0x000000003930f0b0:   000000003930f170 000000002d63248f
0x000000003930f0c0:   00000000390e0090 00000000390e0090
0x000000003930f0d0:   000000000000ac44 0000000000000004
0x000000003930f0e0:   0000000000000010 0000000002987f74
0x000000003930f0f0:   000000002d4ba448 0000000002987cdd
0x000000003930f100:   000000001b612800 000000002d4ba448 

Instructions: (pc=0x000000002d631066)
0x000000002d631046:   41 2b ec 81 3a 03 00 02 00 75 09 8b 01 89 84 24
0x000000002d631056:   c8 00 00 00 49 83 c0 02 48 83 c1 08 4a 8d 14 86
0x000000002d631066:   39 3a 75 af 4c 8d 84 24 c0 00 00 00 48 8d 15 d7
0x000000002d631076:   2b 03 00 33 c9 e8 58 5f 00 00 b8 40 1f 00 00 4c 


Register to memory mapping:

RAX=0x0000000000000004 is an unknown value
RBX=0x00000000390e0090 is an unknown value
RCX=0x000000001e062008 is an unknown value
RDX=0x000000001e062004 is an unknown value
RSP=0x000000003930f010 is pointing into the stack for thread: 0x000000001b612800
RBP=0x00000000000000ff is an unknown value
RSI=0x000000001e056d3c is an unknown value
RDI=0x0000000000000000 is an unknown value
R8 =0x0000000000002cb2 is an unknown value
R9 =0x000000001e056d3c is an unknown value
R10=0x0000000002987f48 is at code_begin+840 in an Interpreter codelet
method entry point (kind = native)  [0x0000000002987c00, 0x0000000002988560]  2400 bytes
R11=0x000000006b99bd80 is an unknown value
R12=0x0000000000000001 is an unknown value
R13={method} {0x000000002d4ba450} 'nalcCreateContext' '(JJ)J' in 'org/lwjgl/openal/ALC10'
R14=0x000000003930f1a8 is pointing into the stack for thread: 0x000000001b612800
R15=0x000000001b612800 is a thread


Stack: [0x0000000039210000,0x0000000039310000],  sp=0x000000003930f010,  free space=1020k
Native frames: (J=compiled Java code, j=interpreted, Vv=VM code, C=native code)
C  [OpenAL64.dll+0x11066]
C  [OpenAL64.dll+0x1248f]
C  0x0000000002987f74

Java frames: (J=compiled Java code, j=interpreted, Vv=VM code)
j  org.lwjgl.openal.ALC10.nalcCreateContext(JJ)J+0
j  org.lwjgl.openal.ALC10.alcCreateContext(Lorg/lwjgl/openal/ALCdevice;Ljava/nio/IntBuffer;)Lorg/lwjgl/openal/ALCcontext;+8
j  org.lwjgl.openal.AL.init(Ljava/lang/String;IIZZ)V+69
j  org.lwjgl.openal.AL.create(Ljava/lang/String;IIZZ)V+246
j  org.lwjgl.openal.AL.create(Ljava/lang/String;IIZ)V+5
j  org.lwjgl.openal.AL.create()V+6
j  paulscode.sound.libraries.LibraryLWJGLOpenAL.init()V+2
j  paulscode.sound.SoundSystem.CommandNewLibrary(Ljava/lang/Class;)V+273
j  paulscode.sound.SoundSystem.CommandQueue(Lpaulscode/sound/CommandObject;)Z+1206
j  paulscode.sound.CommandThread.run()V+51
v  ~StubRoutines::call_stub

---------------  P R O C E S S  ---------------

Java Threads: ( => current thread )
  0x000000001b613000 JavaThread "Thread-10" [_thread_blocked, id=53956, stack(0x0000000039310000,0x0000000039410000)]
=>0x000000001b612800 JavaThread "Thread-9" [_thread_in_native, id=80328, stack(0x0000000039210000,0x0000000039310000)]
  0x000000001d5f2800 JavaThread "Sound Library Loader" [_thread_blocked, id=116544, stack(0x0000000038fe0000,0x00000000390e0000)]
  0x000000001ca47800 JavaThread "Keep-Alive-Timer" daemon [_thread_blocked, id=82588, stack(0x0000000031df0000,0x0000000031ef0000)]
  0x000000001d640000 JavaThread "LWJGL Timer" daemon [_thread_blocked, id=118768, stack(0x000000002d700000,0x000000002d800000)]
  0x0000000022153000 JavaThread "Thread-7" [_thread_in_native, id=114460, stack(0x000000002caa0000,0x000000002cba0000)]
  0x000000001d6de800 JavaThread "Java2D Disposer" daemon [_thread_blocked, id=68968, stack(0x0000000023850000,0x0000000023950000)]
  0x000000001ae8e800 JavaThread "Timer hack thread" daemon [_thread_blocked, id=61660, stack(0x0000000023750000,0x0000000023850000)]
  0x000000001f354000 JavaThread "Snooper Timer" daemon [_thread_blocked, id=115000, stack(0x0000000022480000,0x0000000022580000)]
  0x000000001cd93800 JavaThread "Snooper Timer" daemon [_thread_blocked, id=119212, stack(0x0000000020d10000,0x0000000020e10000)]
  0x0000000019917800 JavaThread "Service Thread" daemon [_thread_blocked, id=118304, stack(0x000000001a490000,0x000000001a590000)]
  0x00000000198a1800 JavaThread "C1 CompilerThread3" daemon [_thread_blocked, id=119760, stack(0x000000001a390000,0x000000001a490000)]
  0x000000001989e000 JavaThread "C2 CompilerThread2" daemon [_thread_blocked, id=97732, stack(0x000000001a290000,0x000000001a390000)]
  0x0000000019896800 JavaThread "C2 CompilerThread1" daemon [_thread_in_native, id=115988, stack(0x000000001a190000,0x000000001a290000)]
  0x0000000019892800 JavaThread "C2 CompilerThread0" daemon [_thread_in_native, id=114052, stack(0x000000001a090000,0x000000001a190000)]
  0x000000001988f800 JavaThread "Attach Listener" daemon [_thread_blocked, id=114500, stack(0x0000000019f90000,0x000000001a090000)]
  0x000000001988e000 JavaThread "Signal Dispatcher" daemon [_thread_blocked, id=115820, stack(0x0000000019e90000,0x0000000019f90000)]
  0x0000000019880800 JavaThread "Finalizer" daemon [_thread_blocked, id=115584, stack(0x0000000019c60000,0x0000000019d60000)]
  0x000000000296e000 JavaThread "Reference Handler" daemon [_thread_blocked, id=118292, stack(0x0000000019760000,0x0000000019860000)]
  0x0000000002876800 JavaThread "Client thread" [_thread_in_Java, id=74656, stack(0x0000000002770000,0x0000000002870000)]

Other Threads:
  0x0000000017988000 VMThread [stack: 0x0000000019660000,0x0000000019760000] [id=117036]
  0x000000001995b000 WatcherThread [stack: 0x000000001a590000,0x000000001a690000] [id=117992]

VM state:not at safepoint (normal execution)

VM Mutex/Monitor currently owned by a thread: None

Heap:
 PSYoungGen      total 630784K, used 377246K [0x00000000d5a00000, 0x0000000100000000, 0x0000000100000000)
  eden space 593408K, 58% used [0x00000000d5a00000,0x00000000eae10b20,0x00000000f9d80000)
  from space 37376K, 77% used [0x00000000fc480000,0x00000000fe0d6fd8,0x00000000fe900000)
  to   space 39936K, 0% used [0x00000000f9d80000,0x00000000f9d80000,0x00000000fc480000)
 ParOldGen       total 125440K, used 68942K [0x0000000080e00000, 0x0000000088880000, 0x00000000d5a00000)
  object space 125440K, 54% used [0x0000000080e00000,0x0000000085153be0,0x0000000088880000)
 Metaspace       used 31105K, capacity 31395K, committed 31744K, reserved 1077248K
  class space    used 3972K, capacity 4086K, committed 4096K, reserved 1048576K

Card table byte_map: [0x0000000011d30000,0x0000000012130000] byte_map_base: 0x0000000011929000

Marking Bits: (ParMarkBitMap*) 0x000000006bf8c720
 Begin Bits: [0x0000000012be0000, 0x0000000014ba8000)
 End Bits:   [0x0000000014ba8000, 0x0000000016b70000)

Polling page: 0x0000000000dd0000

CodeCache: size=245760Kb used=11961Kb max_used=14737Kb free=233798Kb
 bounds [0x0000000002970000, 0x00000000037f0000, 0x0000000011970000]
 total_blobs=3849 nmethods=3220 adapters=541
 compilation: enabled

Compilation events (10 events):
Event: 17.313 Thread 0x0000000019892800 4310   !   4       net.minecraftforge.fml.common.patcher.ClassPatchManager::applyPatch (592 bytes)
Event: 17.314 Thread 0x0000000019892800 nmethod 4310 0x0000000002e61d50 code [0x0000000002e61e80, 0x0000000002e61f18]
Event: 17.314 Thread 0x0000000019892800 4305       4       java.util.Formatter$Conversion::isGeneral (64 bytes)
Event: 17.315 Thread 0x0000000019892800 nmethod 4305 0x0000000002b62950 code [0x0000000002b62c80, 0x0000000002b62cf8]
Event: 17.315 Thread 0x0000000019892800 4313       4       java.util.AbstractList$Itr::<init> (31 bytes)
Event: 17.316 Thread 0x0000000019892800 nmethod 4313 0x0000000002d67090 code [0x0000000002d671c0, 0x0000000002d67258]
Event: 17.321 Thread 0x00000000198a1800 4317       3       net.minecraft.client.resources.AbstractResourcePack::resourceExists (9 bytes)
Event: 17.322 Thread 0x00000000198a1800 nmethod 4317 0x0000000002da1050 code [0x0000000002da12a0, 0x0000000002da2258]
Event: 17.322 Thread 0x00000000198a1800 4318   !   3       net.minecraft.client.resources.FileResourcePack::hasResourceName (20 bytes)
Event: 17.322 Thread 0x00000000198a1800 nmethod 4318 0x0000000002b74710 code [0x0000000002b748a0, 0x0000000002b74d98]

GC Heap History (10 events):
Event: 6.284 GC heap before
{Heap before GC invocations=10 (full 1):
 PSYoungGen      total 250880K, used 250875K [0x00000000d5a00000, 0x00000000e7000000, 0x0000000100000000)
  eden space 232448K, 100% used [0x00000000d5a00000,0x00000000e3d00000,0x00000000e3d00000)
  from space 18432K, 99% used [0x00000000e5400000,0x00000000e65fec78,0x00000000e6600000)
  to   space 23552K, 0% used [0x00000000e3d00000,0x00000000e3d00000,0x00000000e5400000)
 ParOldGen       total 87552K, used 52460K [0x0000000080e00000, 0x0000000086380000, 0x00000000d5a00000)
  object space 87552K, 59% used [0x0000000080e00000,0x000000008413b170,0x0000000086380000)
 Metaspace       used 19148K, capacity 19406K, committed 19584K, reserved 1067008K
  class space    used 2328K, capacity 2409K, committed 2432K, reserved 1048576K
Event: 6.312 GC heap after
Heap after GC invocations=10 (full 1):
 PSYoungGen      total 256000K, used 23526K [0x00000000d5a00000, 0x00000000f5d00000, 0x0000000100000000)
  eden space 232448K, 0% used [0x00000000d5a00000,0x00000000d5a00000,0x00000000e3d00000)
  from space 23552K, 99% used [0x00000000e3d00000,0x00000000e53f98b0,0x00000000e5400000)
  to   space 31232K, 0% used [0x00000000f3e80000,0x00000000f3e80000,0x00000000f5d00000)
 ParOldGen       total 87552K, used 63428K [0x0000000080e00000, 0x0000000086380000, 0x00000000d5a00000)
  object space 87552K, 72% used [0x0000000080e00000,0x0000000084bf1318,0x0000000086380000)
 Metaspace       used 19148K, capacity 19406K, committed 19584K, reserved 1067008K
  class space    used 2328K, capacity 2409K, committed 2432K, reserved 1048576K
}
Event: 7.319 GC heap before
{Heap before GC invocations=11 (full 1):
 PSYoungGen      total 256000K, used 255974K [0x00000000d5a00000, 0x00000000f5d00000, 0x0000000100000000)
  eden space 232448K, 100% used [0x00000000d5a00000,0x00000000e3d00000,0x00000000e3d00000)
  from space 23552K, 99% used [0x00000000e3d00000,0x00000000e53f98b0,0x00000000e5400000)
  to   space 31232K, 0% used [0x00000000f3e80000,0x00000000f3e80000,0x00000000f5d00000)
 ParOldGen       total 87552K, used 63428K [0x0000000080e00000, 0x0000000086380000, 0x00000000d5a00000)
  object space 87552K, 72% used [0x0000000080e00000,0x0000000084bf1318,0x0000000086380000)
 Metaspace       used 20749K, capacity 21038K, committed 21248K, reserved 1067008K
  class space    used 2661K, capacity 2761K, committed 2816K, reserved 1048576K
Event: 7.348 GC heap after
Heap after GC invocations=11 (full 1):
 PSYoungGen      total 403456K, used 31204K [0x00000000d5a00000, 0x00000000f5d00000, 0x0000000100000000)
  eden space 372224K, 0% used [0x00000000d5a00000,0x00000000d5a00000,0x00000000ec580000)
  from space 31232K, 99% used [0x00000000f3e80000,0x00000000f5cf9190,0x00000000f5d00000)
  to   space 38400K, 0% used [0x00000000f1200000,0x00000000f1200000,0x00000000f3780000)
 ParOldGen       total 87552K, used 72059K [0x0000000080e00000, 0x0000000086380000, 0x00000000d5a00000)
  object space 87552K, 82% used [0x0000000080e00000,0x000000008545eeb8,0x0000000086380000)
 Metaspace       used 20749K, capacity 21038K, committed 21248K, reserved 1067008K
  class space    used 2661K, capacity 2761K, committed 2816K, reserved 1048576K
}
Event: 7.352 GC heap before
{Heap before GC invocations=12 (full 1):
 PSYoungGen      total 403456K, used 38606K [0x00000000d5a00000, 0x00000000f5d00000, 0x0000000100000000)
  eden space 372224K, 1% used [0x00000000d5a00000,0x00000000d613aa58,0x00000000ec580000)
  from space 31232K, 99% used [0x00000000f3e80000,0x00000000f5cf9190,0x00000000f5d00000)
  to   space 38400K, 0% used [0x00000000f1200000,0x00000000f1200000,0x00000000f3780000)
 ParOldGen       total 87552K, used 72059K [0x0000000080e00000, 0x0000000086380000, 0x00000000d5a00000)
  object space 87552K, 82% used [0x0000000080e00000,0x000000008545eeb8,0x0000000086380000)
 Metaspace       used 20761K, capacity 21038K, committed 21248K, reserved 1067008K
  class space    used 2661K, capacity 2761K, committed 2816K, reserved 1048576K
Event: 7.374 GC heap after
Heap after GC invocations=12 (full 1):
 PSYoungGen      total 488960K, used 12207K [0x00000000d5a00000, 0x00000000fe900000, 0x0000000100000000)
  eden space 450560K, 0% used [0x00000000d5a00000,0x00000000d5a00000,0x00000000f1200000)
  from space 38400K, 31% used [0x00000000f1200000,0x00000000f1debe40,0x00000000f3780000)
  to   space 37376K, 0% used [0x00000000fc480000,0x00000000fc480000,0x00000000fe900000)
 ParOldGen       total 98304K, used 91228K [0x0000000080e00000, 0x0000000086e00000, 0x00000000d5a00000)
  object space 98304K, 92% used [0x0000000080e00000,0x0000000086717270,0x0000000086e00000)
 Metaspace       used 20761K, capacity 21038K, committed 21248K, reserved 1067008K
  class space    used 2661K, capacity 2761K, committed 2816K, reserved 1048576K
}
Event: 7.374 GC heap before
{Heap before GC invocations=13 (full 2):
 PSYoungGen      total 488960K, used 12207K [0x00000000d5a00000, 0x00000000fe900000, 0x0000000100000000)
  eden space 450560K, 0% used [0x00000000d5a00000,0x00000000d5a00000,0x00000000f1200000)
  from space 38400K, 31% used [0x00000000f1200000,0x00000000f1debe40,0x00000000f3780000)
  to   space 37376K, 0% used [0x00000000fc480000,0x00000000fc480000,0x00000000fe900000)
 ParOldGen       total 98304K, used 91228K [0x0000000080e00000, 0x0000000086e00000, 0x00000000d5a00000)
  object space 98304K, 92% used [0x0000000080e00000,0x0000000086717270,0x0000000086e00000)
 Metaspace       used 20761K, capacity 21038K, committed 21248K, reserved 1067008K
  class space    used 2661K, capacity 2761K, committed 2816K, reserved 1048576K
Event: 7.556 GC heap after
Heap after GC invocations=13 (full 2):
 PSYoungGen      total 488960K, used 0K [0x00000000d5a00000, 0x00000000fe900000, 0x0000000100000000)
  eden space 450560K, 0% used [0x00000000d5a00000,0x00000000d5a00000,0x00000000f1200000)
  from space 38400K, 0% used [0x00000000f1200000,0x00000000f1200000,0x00000000f3780000)
  to   space 37376K, 0% used [0x00000000fc480000,0x00000000fc480000,0x00000000fe900000)
 ParOldGen       total 125440K, used 68934K [0x0000000080e00000, 0x0000000088880000, 0x00000000d5a00000)
  object space 125440K, 54% used [0x0000000080e00000,0x0000000085151be0,0x0000000088880000)
 Metaspace       used 20761K, capacity 21038K, committed 21248K, reserved 1067008K
  class space    used 2661K, capacity 2761K, committed 2816K, reserved 1048576K
}
Event: 14.247 GC heap before
{Heap before GC invocations=14 (full 2):
 PSYoungGen      total 488960K, used 450560K [0x00000000d5a00000, 0x00000000fe900000, 0x0000000100000000)
  eden space 450560K, 100% used [0x00000000d5a00000,0x00000000f1200000,0x00000000f1200000)
  from space 38400K, 0% used [0x00000000f1200000,0x00000000f1200000,0x00000000f3780000)
  to   space 37376K, 0% used [0x00000000fc480000,0x00000000fc480000,0x00000000fe900000)
 ParOldGen       total 125440K, used 68934K [0x0000000080e00000, 0x0000000088880000, 0x00000000d5a00000)
  object space 125440K, 54% used [0x0000000080e00000,0x0000000085151be0,0x0000000088880000)
 Metaspace       used 27491K, capacity 27797K, committed 28288K, reserved 1073152K
  class space    used 3515K, capacity 3595K, committed 3712K, reserved 1048576K
Event: 14.297 GC heap after
Heap after GC invocations=14 (full 2):
 PSYoungGen      total 630784K, used 29019K [0x00000000d5a00000, 0x0000000100000000, 0x0000000100000000)
  eden space 593408K, 0% used [0x00000000d5a00000,0x00000000d5a00000,0x00000000f9d80000)
  from space 37376K, 77% used [0x00000000fc480000,0x00000000fe0d6fd8,0x00000000fe900000)
  to   space 39936K, 0% used [0x00000000f9d80000,0x00000000f9d80000,0x00000000fc480000)
 ParOldGen       total 125440K, used 68942K [0x0000000080e00000, 0x0000000088880000, 0x00000000d5a00000)
  object space 125440K, 54% used [0x0000000080e00000,0x0000000085153be0,0x0000000088880000)
 Metaspace       used 27491K, capacity 27797K, committed 28288K, reserved 1073152K
  class space    used 3515K, capacity 3595K, committed 3712K, reserved 1048576K
}

Deoptimization events (10 events):
Event: 15.577 Thread 0x0000000002876800 Uncommon trap: reason=bimorphic action=maybe_recompile pc=0x000000000361a9cc method=com.google.common.collect.Iterators.addAll(Ljava/util/Collection;Ljava/util/Iterator;)Z @ 13
Event: 15.580 Thread 0x0000000002876800 Uncommon trap: reason=bimorphic action=maybe_recompile pc=0x000000000361a9cc method=com.google.common.collect.Iterators.addAll(Ljava/util/Collection;Ljava/util/Iterator;)Z @ 13
Event: 16.237 Thread 0x0000000002876800 Uncommon trap: reason=unstable_if action=reinterpret pc=0x00000000036c78a8 method=org.objectweb.asm.MethodWriter.put(Lorg/objectweb/asm/ByteVector;)V @ 177
Event: 16.313 Thread 0x0000000002876800 Uncommon trap: reason=unstable_if action=reinterpret pc=0x000000000361ae70 method=com.google.common.base.Splitter$SplittingIterator.computeNext()Ljava/lang/String; @ 213
Event: 16.421 Thread 0x0000000002876800 Uncommon trap: reason=unstable_if action=reinterpret pc=0x0000000003149b5c method=org.objectweb.asm.Type.getArgumentsAndReturnSizes(Ljava/lang/String;)I @ 100
Event: 16.428 Thread 0x0000000002876800 Uncommon trap: reason=unstable_if action=reinterpret pc=0x0000000002d80488 method=org.objectweb.asm.Type.getArgumentsAndReturnSizes(Ljava/lang/String;)I @ 100
Event: 16.509 Thread 0x0000000002876800 Uncommon trap: reason=unstable_if action=reinterpret pc=0x0000000002feea68 method=org.objectweb.asm.MethodWriter.visitVarInsn(II)V @ 15
Event: 16.509 Thread 0x0000000002876800 Uncommon trap: reason=unstable_if action=reinterpret pc=0x000000000310002c method=org.objectweb.asm.MethodWriter.visitInsn(I)V @ 24
Event: 16.509 Thread 0x0000000002876800 Uncommon trap: reason=unstable_if action=reinterpret pc=0x00000000030bc6ac method=org.objectweb.asm.MethodWriter.visitMaxs(II)V @ 627
Event: 16.509 Thread 0x0000000002876800 Uncommon trap: reason=unstable_if action=reinterpret pc=0x000000000341d21c method=org.objectweb.asm.MethodWriter.visitTypeInsn(ILjava/lang/String;)V @ 24

Internal exceptions (10 events):
Event: 17.320 Thread 0x0000000002876800 NullPointerException at vtable entry 0x0000000002a81040
Event: 17.320 Thread 0x0000000002876800 Exception <a 'java/lang/NullPointerException'> (0x00000000ea3209b0) thrown at [C:\re\workspace\8-2-build-windows-amd64-cygwin\jdk8u131\8869\hotspot\src\share\vm\runtime\sharedRuntime.cpp, line 605]
Event: 17.320 Thread 0x0000000002876800 NullPointerException at vtable entry 0x0000000002a81040
Event: 17.320 Thread 0x0000000002876800 Exception <a 'java/lang/NullPointerException'> (0x00000000ea328268) thrown at [C:\re\workspace\8-2-build-windows-amd64-cygwin\jdk8u131\8869\hotspot\src\share\vm\runtime\sharedRuntime.cpp, line 605]
Event: 17.322 Thread 0x0000000002876800 NullPointerException at vtable entry 0x0000000002a81040
Event: 17.322 Thread 0x0000000002876800 Exception <a 'java/lang/NullPointerException'> (0x00000000ea3337f8) thrown at [C:\re\workspace\8-2-build-windows-amd64-cygwin\jdk8u131\8869\hotspot\src\share\vm\runtime\sharedRuntime.cpp, line 605]
Event: 17.323 Thread 0x0000000002876800 NullPointerException at vtable entry 0x0000000002a81040
Event: 17.323 Thread 0x0000000002876800 Exception <a 'java/lang/NullPointerException'> (0x00000000ea33b840) thrown at [C:\re\workspace\8-2-build-windows-amd64-cygwin\jdk8u131\8869\hotspot\src\share\vm\runtime\sharedRuntime.cpp, line 605]
Event: 17.323 Thread 0x0000000002876800 NullPointerException at vtable entry 0x0000000002a81040
Event: 17.323 Thread 0x0000000002876800 Exception <a 'java/lang/NullPointerException'> (0x00000000ea3430f8) thrown at [C:\re\workspace\8-2-build-windows-amd64-cygwin\jdk8u131\8869\hotspot\src\share\vm\runtime\sharedRuntime.cpp, line 605]

Events (10 events):
Event: 17.322 Thread 0x00000000198a1800 flushing nmethod 0x00000000033fcd50
Event: 17.322 Thread 0x00000000198a1800 flushing nmethod 0x000000000340e990
Event: 17.322 Thread 0x00000000198a1800 flushing nmethod 0x0000000003413f90
Event: 17.322 Thread 0x00000000198a1800 flushing nmethod 0x00000000034260d0
Event: 17.322 Thread 0x00000000198a1800 flushing nmethod 0x0000000003518610
Event: 17.322 loading class org/lwjgl/openal/OpenALException
Event: 17.322 loading class org/lwjgl/openal/OpenALException done
Event: 17.322 Thread 0x00000000198a1800 flushing nmethod 0x0000000003530e90
Event: 17.322 Thread 0x00000000198a1800 flushing nmethod 0x000000000357dc10
Event: 17.322 Thread 0x00000000198a1800 flushing nmethod 0x00000000035b2d90


Dynamic libraries:
0x00007ff75b360000 - 0x00007ff75b397000 	C:\Program Files\Java\jre1.8.0_131\bin\javaw.exe
0x00007ff917040000 - 0x00007ff91722d000 	C:\WINDOWS\SYSTEM32\ntdll.dll
0x00007ff915ea0000 - 0x00007ff915f53000 	C:\WINDOWS\System32\KERNEL32.DLL
0x00007ff913d30000 - 0x00007ff913fc5000 	C:\WINDOWS\System32\KERNELBASE.dll
0x00007ff916e80000 - 0x00007ff916f23000 	C:\WINDOWS\System32\ADVAPI32.dll
0x00007ff915bf0000 - 0x00007ff915c8e000 	C:\WINDOWS\System32\msvcrt.dll
0x00007ff915b50000 - 0x00007ff915bee000 	C:\WINDOWS\System32\sechost.dll
0x00007ff915a20000 - 0x00007ff915b42000 	C:\WINDOWS\System32\RPCRT4.dll
0x00007ff916720000 - 0x00007ff9168b7000 	C:\WINDOWS\System32\USER32.dll
0x00007ff913fd0000 - 0x00007ff913ff0000 	C:\WINDOWS\System32\win32u.dll
0x00007ff9159f0000 - 0x00007ff915a19000 	C:\WINDOWS\System32\GDI32.dll
0x00007ff9140c0000 - 0x00007ff914259000 	C:\WINDOWS\System32\gdi32full.dll
0x00007ff913100000 - 0x00007ff9131a0000 	C:\WINDOWS\System32\msvcp_win.dll
0x00007ff913300000 - 0x00007ff9133fa000 	C:\WINDOWS\System32\ucrtbase.dll
0x00007ff9066f0000 - 0x00007ff906969000 	C:\WINDOWS\WinSxS\amd64_microsoft.windows.common-controls_6595b64144ccf1df_6.0.17763.1217_none_de6e4304534e0ad3\COMCTL32.dll
0x00007ff9160d0000 - 0x00007ff9163fc000 	C:\WINDOWS\System32\combase.dll
0x00007ff9131a0000 - 0x00007ff91321e000 	C:\WINDOWS\System32\bcryptPrimitives.dll
0x00007ff915d40000 - 0x00007ff915d6e000 	C:\WINDOWS\System32\IMM32.DLL
0x000000006b580000 - 0x000000006b652000 	C:\Program Files\Java\jre1.8.0_131\bin\msvcr100.dll
0x000000006b770000 - 0x000000006c00c000 	C:\Program Files\Java\jre1.8.0_131\bin\server\jvm.dll
0x00007ff9169f0000 - 0x00007ff9169f8000 	C:\WINDOWS\System32\PSAPI.DLL
0x00007ff911bb0000 - 0x00007ff911bb9000 	C:\WINDOWS\SYSTEM32\WSOCK32.dll
0x00007ff908770000 - 0x00007ff908794000 	C:\WINDOWS\SYSTEM32\WINMM.dll
0x00007ff90b2c0000 - 0x00007ff90b2ca000 	C:\WINDOWS\SYSTEM32\VERSION.dll
0x00007ff916560000 - 0x00007ff9165cd000 	C:\WINDOWS\System32\WS2_32.dll
0x00007ff908740000 - 0x00007ff90876d000 	C:\WINDOWS\SYSTEM32\WINMMBASE.dll
0x00007ff913ff0000 - 0x00007ff91403a000 	C:\WINDOWS\System32\cfgmgr32.dll
0x000000006c950000 - 0x000000006c95f000 	C:\Program Files\Java\jre1.8.0_131\bin\verify.dll
0x000000006c920000 - 0x000000006c949000 	C:\Program Files\Java\jre1.8.0_131\bin\java.dll
0x000000006c8d0000 - 0x000000006c8e6000 	C:\Program Files\Java\jre1.8.0_131\bin\zip.dll
0x00007ff9144d0000 - 0x00007ff9159c4000 	C:\WINDOWS\System32\SHELL32.dll
0x00007ff915c90000 - 0x00007ff915d38000 	C:\WINDOWS\System32\shcore.dll
0x00007ff9135e0000 - 0x00007ff913d2e000 	C:\WINDOWS\System32\windows.storage.dll
0x00007ff9130d0000 - 0x00007ff9130f4000 	C:\WINDOWS\System32\profapi.dll
0x00007ff913070000 - 0x00007ff9130cd000 	C:\WINDOWS\System32\powrprof.dll
0x00007ff916990000 - 0x00007ff9169e2000 	C:\WINDOWS\System32\shlwapi.dll
0x00007ff913030000 - 0x00007ff913041000 	C:\WINDOWS\System32\kernel.appcore.dll
0x00007ff9140a0000 - 0x00007ff9140b7000 	C:\WINDOWS\System32\cryptsp.dll
0x000000006b760000 - 0x000000006b76d000 	C:\Program Files\Java\jre1.8.0_131\bin\management.dll
0x000000006c8b0000 - 0x000000006c8ca000 	C:\Program Files\Java\jre1.8.0_131\bin\net.dll
0x00007ff9128a0000 - 0x00007ff912907000 	C:\WINDOWS\system32\mswsock.dll
0x000000006c890000 - 0x000000006c8a1000 	C:\Program Files\Java\jre1.8.0_131\bin\nio.dll
0x00007ff912420000 - 0x00007ff912453000 	C:\WINDOWS\system32\rsaenh.dll
0x00007ff9132d0000 - 0x00007ff9132f6000 	C:\WINDOWS\System32\bcrypt.dll
0x00007ff912f30000 - 0x00007ff912f58000 	C:\WINDOWS\SYSTEM32\USERENV.dll
0x00007ff912a70000 - 0x00007ff912a7c000 	C:\WINDOWS\SYSTEM32\CRYPTBASE.dll
0x00007ff9125c0000 - 0x00007ff9125fd000 	C:\WINDOWS\SYSTEM32\IPHLPAPI.DLL
0x00007ff9159e0000 - 0x00007ff9159e8000 	C:\WINDOWS\System32\NSI.dll
0x00007ff908720000 - 0x00007ff908736000 	C:\WINDOWS\SYSTEM32\dhcpcsvc6.DLL
0x00007ff908c90000 - 0x00007ff908cac000 	C:\WINDOWS\SYSTEM32\dhcpcsvc.DLL
0x00007ff912600000 - 0x00007ff9126c7000 	C:\WINDOWS\SYSTEM32\DNSAPI.dll
0x00007ff905dc0000 - 0x00007ff905dca000 	C:\Users\fritz\AppData\Local\Temp\jansi-64-2332757765149734986.dll
0x00007ff8fe050000 - 0x00007ff8fe066000 	C:\WINDOWS\system32\napinsp.dll
0x00007ff8fe010000 - 0x00007ff8fe02a000 	C:\WINDOWS\system32\pnrpnsp.dll
0x00007ff8fdf70000 - 0x00007ff8fdf7e000 	C:\WINDOWS\System32\winrnr.dll
0x00007ff90f6d0000 - 0x00007ff90f6eb000 	C:\WINDOWS\system32\NLAapi.dll
0x00007ff90d020000 - 0x00007ff90d035000 	C:\WINDOWS\system32\wshbth.dll
0x00007ff901a50000 - 0x00007ff901a5a000 	C:\Windows\System32\rasadhlp.dll
0x00007ff9024c0000 - 0x00007ff902539000 	C:\WINDOWS\System32\fwpuclnt.dll
0x0000000180000000 - 0x0000000180053000 	C:\Users\fritz\.gradle\caches\minecraft\net\minecraft\natives\1.8.9\lwjgl64.dll
0x00007ff8db250000 - 0x00007ff8db377000 	C:\WINDOWS\SYSTEM32\OPENGL32.dll
0x00007ff9014c0000 - 0x00007ff9014ec000 	C:\WINDOWS\SYSTEM32\GLU32.dll
0x000000006b1f0000 - 0x000000006b388000 	C:\Program Files\Java\jre1.8.0_131\bin\awt.dll
0x00007ff9165d0000 - 0x00007ff916694000 	C:\WINDOWS\System32\OLEAUT32.dll
0x00007ff910ed0000 - 0x00007ff910f5c000 	C:\WINDOWS\SYSTEM32\apphelp.dll
0x00007ff911050000 - 0x00007ff9110ec000 	C:\WINDOWS\system32\uxtheme.dll
0x00007ff915f60000 - 0x00007ff9160cc000 	C:\WINDOWS\System32\MSCTF.dll
0x00007ff911300000 - 0x00007ff91132e000 	C:\WINDOWS\system32\dwmapi.dll
0x00007ff913400000 - 0x00007ff9135dc000 	C:\WINDOWS\System32\CRYPT32.dll
0x00007ff913050000 - 0x00007ff913062000 	C:\WINDOWS\System32\MSASN1.dll
0x00007ff90c6c0000 - 0x00007ff90c704000 	C:\Program Files\ASUSTeKcomputer.Inc\SS2\UserInterface\x64\SS2DevProps.dll
0x00007ff916400000 - 0x00007ff916555000 	C:\WINDOWS\System32\ole32.dll
0x00007ff90ce80000 - 0x00007ff90cede000 	C:\Program Files\ASUSTeKcomputer.Inc\SS2\UserInterface\x64\SS2OSD.dll
0x00007ff8f1bd0000 - 0x00007ff8f1c65000 	C:\WINDOWS\System32\TextInputFramework.dll
0x00007ff910960000 - 0x00007ff910a42000 	C:\WINDOWS\System32\CoreMessaging.dll
0x00007ff907000000 - 0x00007ff907322000 	C:\WINDOWS\System32\CoreUIComponents.dll
0x00007ff9120a0000 - 0x00007ff9120d1000 	C:\WINDOWS\SYSTEM32\ntmarta.dll
0x00007ff90ebd0000 - 0x00007ff90ed23000 	C:\WINDOWS\SYSTEM32\wintypes.dll
0x00007ff9168e0000 - 0x00007ff916982000 	C:\WINDOWS\System32\clbcatq.dll
0x00007ff909340000 - 0x00007ff9093b0000 	C:\WINDOWS\System32\MMDevApi.dll
0x00007ff912e40000 - 0x00007ff912e69000 	C:\WINDOWS\System32\DEVOBJ.dll
0x00007ff90f490000 - 0x00007ff90f639000 	C:\WINDOWS\System32\PROPSYS.dll
0x00007ff908e70000 - 0x00007ff908fb8000 	C:\WINDOWS\SYSTEM32\AUDIOSES.DLL
0x00007ff90d3f0000 - 0x00007ff90d3fa000 	C:\WINDOWS\SYSTEM32\AVRT.dll
0x00007ff8ae4b0000 - 0x00007ff8b0b80000 	C:\WINDOWS\System32\DriverStore\FileRepository\nvamui.inf_amd64_a87030b33299fddc\nvoglv64.dll
0x00007ff916a00000 - 0x00007ff916e76000 	C:\WINDOWS\System32\SETUPAPI.dll
0x00007ff911b90000 - 0x00007ff911ba3000 	C:\WINDOWS\SYSTEM32\WTSAPI32.dll
0x00007ff914040000 - 0x00007ff914099000 	C:\WINDOWS\System32\WINTRUST.dll
0x00007ff8caac0000 - 0x00007ff8cad82000 	C:\WINDOWS\system32\nvspcap64.dll
0x00007ff902ac0000 - 0x00007ff902b6d000 	C:\WINDOWS\SYSTEM32\mscms.dll
0x00007ff9030d0000 - 0x00007ff9030e0000 	C:\WINDOWS\SYSTEM32\ColorAdapterClient.dll
0x00007ff8e9c70000 - 0x00007ff8e9cb3000 	C:\WINDOWS\SYSTEM32\icm32.dll
0x00007ff912110000 - 0x00007ff912168000 	C:\WINDOWS\SYSTEM32\WINSTA.dll
0x00007ff908020000 - 0x00007ff9081be000 	C:\WINDOWS\SYSTEM32\d3d9.dll
0x00007ff9168c0000 - 0x00007ff9168dd000 	C:\WINDOWS\System32\imagehlp.dll
0x0000000021120000 - 0x0000000021158000 	C:\Users\fritz\AppData\Local\Temp\jna\jna7346783874920025961.dll
0x0000000070a40000 - 0x0000000070adc000 	C:\Users\fritz\.gradle\caches\minecraft\net\minecraft\natives\1.8.9\avutil-ttv-51.dll
0x0000000065980000 - 0x00000000659d6000 	C:\Users\fritz\.gradle\caches\minecraft\net\minecraft\natives\1.8.9\swresample-ttv-0.dll
0x000000006eb80000 - 0x000000006ec50000 	C:\Users\fritz\.gradle\caches\minecraft\net\minecraft\natives\1.8.9\libmp3lame-ttv.dll
0x00007ff8a6c20000 - 0x00007ff8a7fc4000 	C:\Users\fritz\.gradle\caches\minecraft\net\minecraft\natives\1.8.9\libmfxsw64.dll
0x00007ff8db0e0000 - 0x00007ff8db24d000 	C:\Users\fritz\.gradle\caches\minecraft\net\minecraft\natives\1.8.9\twitchsdk.dll
0x00007ff8fbaf0000 - 0x00007ff8fbfd1000 	C:\WINDOWS\SYSTEM32\WININET.dll
0x000000002d620000 - 0x000000002d684000 	C:\Users\fritz\.gradle\caches\minecraft\net\minecraft\natives\1.8.9\OpenAL64.dll
0x00007ff8dd590000 - 0x00007ff8dd626000 	C:\WINDOWS\SYSTEM32\dsound.dll
0x00007ff911860000 - 0x00007ff911a4d000 	C:\WINDOWS\SYSTEM32\dbghelp.dll

VM Arguments:
jvm_args: -DFORGE_FORCE_FRAME_RECALC=true -Dfile.encoding=Cp1252 
java_command: GradleStart
java_class_path (initial): C:\Users\fritz\Documents\EthyronWrathOfNations\2020\ArterionMod\bin;C:\Users\fritz\.gradle\caches\minecraft\net\minecraftforge\forge\1.8.9-11.15.1.2318-1.8.9\stable\20\forgeSrc-1.8.9-11.15.1.2318-1.8.9.jar;C:\Users\fritz\.gradle\caches\modules-2\files-2.1\com.mojang\netty\1.6\4b75825a06139752bd800d9e29c5fd55b8b1b1e4\netty-1.6.jar;C:\Users\fritz\.gradle\caches\modules-2\files-2.1\oshi-project\oshi-core\1.1\9ddf7b048a8d701be231c0f4f95fd986198fd2d8\oshi-core-1.1.jar;C:\Users\fritz\.gradle\caches\modules-2\files-2.1\net.java.dev.jna\jna\3.4.0\803ff252fedbd395baffd43b37341dc4a150a554\jna-3.4.0.jar;C:\Users\fritz\.gradle\caches\modules-2\files-2.1\net.java.dev.jna\platform\3.4.0\e3f70017be8100d3d6923f50b3d2ee17714e9c13\platform-3.4.0.jar;C:\Users\fritz\.gradle\caches\modules-2\files-2.1\com.ibm.icu\icu4j-core-mojang\51.2\63d216a9311cca6be337c1e458e587f99d382b84\icu4j-core-mojang-51.2.jar;C:\Users\fritz\.gradle\caches\modules-2\files-2.1\net.sf.jopt-simple\jopt-simple\4.6\306816fb57cf94f108a43c95731b08934dcae15c\jopt-simple-4.6.jar;C:\Users\fritz\.gradle\caches\modules-2\files-2.1\io.netty\netty-all\4.0.23.Final\294104aaf1781d6a56a07d561e792c5d0c95f45\netty-all-4.0.23.Final.jar;C:\Users\fritz\.gradle\caches\modules-2\files-2.1\com.google.guava\guava\17.0\9c6ef172e8de35fd8d4d8783e4821e57cdef7445\guava-17.0.jar;C:\Users\fritz\.gradle\caches\modules-2\files-2.1\org.apache.commons\commons-lang3\3.3.2\90a3822c38ec8c996e84c16a3477ef632cbc87a3\commons-lang3-3.3.2.jar;C:\Users\fritz\.gradle\caches\modules-2\files-2.1\commons-io\commons-io\2.4\b1b6ea3b7e4aa4f492509a4952029cd8e48019ad\commons-io-2.4.jar;C:\Users\fritz\.gradle\caches\modules-2\files-2.1\commons-codec\commons-codec\1.9\9ce04e34240f674bc72680f8b843b1457383161a\commons-codec-1.9.jar;C:\Users\fritz\.gradle\caches\modules-2\files-2.1\net.java.jutils\jutils\1.0.0\e12fe1fda814bd348c1579329c86943d2cd3c6a6\jutils-1.0.0.jar;C:\Users\fritz\.gradle\caches\modules-2\files-2.1\com.google.code.gson\gson
Launcher Type: SUN_STANDARD

Environment Variables:
JAVA_HOME=C:\Program Files\Java\jdk1.8.0_131
USERNAME=fritz
OS=Windows_NT
PROCESSOR_IDENTIFIER=Intel64 Family 6 Model 94 Stepping 3, GenuineIntel



---------------  S Y S T E M  ---------------

OS: Windows 10.0 , 64 bit Build 17763 (10.0.17763.1158)

CPU:total 8 (initial active 8) (4 cores per cpu, 2 threads per core) family 6 model 94 stepping 3, cmov, cx8, fxsr, mmx, sse, sse2, sse3, ssse3, sse4.1, sse4.2, popcnt, avx, avx2, aes, clmul, erms, rtm, 3dnowpref, lzcnt, ht, tsc, tscinvbit, bmi1, bmi2, adx

Memory: 4k page, physical 8325424k(466232k free), swap 26987316k(8437156k free)

vm_info: Java HotSpot(TM) 64-Bit Server VM (25.131-b11) for windows-amd64 JRE (1.8.0_131-b11), built on Mar 15 2017 01:23:53 by "java_re" with MS VC++ 10.0 (VS2010)

time: Fri Jun 05 23:13:55 2020
elapsed time: 17 seconds (0d 0h 0m 17s)

